<?xml version="1.0" encoding="UTF-8"?>
<!-- Generated by org.testng.reporters.JUnitXMLReporter -->
<testsuite hostname="Lokenaths-MacBook-Pro.local" name="Test" tests="2" failures="2" timestamp="15 Aug 2017 06:58:41 GMT" time="0.046" errors="0">
  <testcase name="LaunchURL" time="0.019" classname="com.mapsynq.testclass.TestMapsynq">
    <failure type="java.lang.NullPointerException">
      <![CDATA[java.lang.NullPointerException
	at com.mapsynq.testclass.TestMapsynq.LaunchURL(TestMapsynq.java:40)
... Removed 24 stack frames]]>
    </failure>
  </testcase> <!-- LaunchURL -->
  <testcase name="LaunchURL" time="0.033" classname="com.mapsynq.testclass.TestMapsynq">
    <failure type="java.lang.NullPointerException">
      <![CDATA[java.lang.NullPointerException
	at com.mapsynq.utilityclasses.TestListener.takeScreenShot(TestListener.java:34)
	at com.mapsynq.utilityclasses.TestListener.onTestFailure(TestListener.java:27)
... Removed 21 stack frames]]>
    </failure>
  </testcase> <!-- LaunchURL -->
</testsuite> <!-- Test -->
