<?xml version="1.0" encoding="UTF-8"?>
<!-- Generated by org.testng.reporters.JUnitXMLReporter -->
<testsuite hostname="Lokenaths-MacBook-Pro.local" name="Test" tests="32" failures="0" timestamp="24 Aug 2017 12:52:12 GMT" time="675.161" errors="0">
  <testcase name="LaunchURL" time="7.02" classname="com.mapsynq.testclass.TestMapsynq"/>
  <testcase name="clickDirectiontab" time="0.346" classname="com.mapsynq.testclass.TestMapsynq"/>
  <testcase name="testClearRoute" time="0.295" classname="com.mapsynq.testclass.TestMapsynq"/>
  <testcase name="testBlankSourceDesinationTraficAwareRoute" time="5.726" classname="com.mapsynq.testclass.TestMapsynq"/>
  <testcase name="testTraficAwareRoute" time="22.322" classname="com.mapsynq.testclass.TestMapsynq"/>
  <testcase name="TestTollAwareRoute" time="3.633" classname="com.mapsynq.testclass.TestMapsynq"/>
  <testcase name="TestFatestRoute" time="0.699" classname="com.mapsynq.testclass.TestMapsynq"/>
  <testcase name="TestShortestRoute" time="0.201" classname="com.mapsynq.testclass.TestMapsynq"/>
  <testcase name="ClickLiveTab" time="0.16" classname="com.mapsynq.testclass.TestMapsynq"/>
  <testcase name="CheckSingaporeLiveTrafficNews" time="0.352" classname="com.mapsynq.testclass.TestMapsynq"/>
  <testcase name="ClickCameraTab" time="0.21" classname="com.mapsynq.testclass.TestMapsynq"/>
  <testcase name="SingaporeLiveTrafficCameras" time="0.176" classname="com.mapsynq.testclass.TestMapsynq"/>
  <testcase name="MalaysiaLiveTrafficCameras" time="0.131" classname="com.mapsynq.testclass.TestMapsynq"/>
  <testcase name="SrilankaLiveTrafficCameras" time="0.129" classname="com.mapsynq.testclass.TestMapsynq"/>
  <testcase name="TestCountTotalLink" time="0.184" classname="com.mapsynq.testclass.TestMapsynq"/>
  <testcase name="TestCountInvalidLink" time="18.382" classname="com.mapsynq.testclass.TestMapsynq"/>
  <testcase name="ClickTollsLink" time="0.14" classname="com.mapsynq.testclass.TestMapsynq"/>
  <testcase name="CheckSingaporeTolls" time="0.837" classname="com.mapsynq.testclass.TestMapsynq"/>
  <testcase name="CheckMalaysiaTolls" time="0.647" classname="com.mapsynq.testclass.TestMapsynq"/>
  <testcase name="CheckThialndTolls" time="1.142" classname="com.mapsynq.testclass.TestMapsynq"/>
  <testcase name="ClickFirstSignaporeTollLink" time="0.937" classname="com.mapsynq.testclass.TestMapsynq"/>
  <testcase name="SwitchToPriceListDropdown" time="100.169" classname="com.mapsynq.testclass.TestMapsynq"/>
  <testcase name="GetPriceAndRatesLargeVehicleWeekdays" time="2.241" classname="com.mapsynq.testclass.TestMapsynq"/>
  <testcase name="GetPriceAndRatesCarSaturday" time="100.153" classname="com.mapsynq.testclass.TestMapsynq"/>
  <testcase name="GetPriceAndRatesMotorCycleWeekdays" time="1.945" classname="com.mapsynq.testclass.TestMapsynq"/>
  <testcase name="GetPriceAndRatesMotorCycleSaturday" time="100.141" classname="com.mapsynq.testclass.TestMapsynq"/>
  <testcase name="GetPriceAndRatesCarWeekdays" time="1.823" classname="com.mapsynq.testclass.TestMapsynq"/>
  <testcase name="GetPriceAndRatesLargeVehicleSaturday" time="100.267" classname="com.mapsynq.testclass.TestMapsynq"/>
  <testcase name="GetPriceAndRatesHeavyVehicleWeekdays" time="2.031" classname="com.mapsynq.testclass.TestMapsynq"/>
  <testcase name="GetPriceAndRatesHeavyVehicleSaturday" time="100.202" classname="com.mapsynq.testclass.TestMapsynq"/>
  <testcase name="GetPriceAndRatesVeryHeavhVehicleWeekdays" time="2.267" classname="com.mapsynq.testclass.TestMapsynq"/>
  <testcase name="GetPriceAndRatesVeryHeavhVehicleSaturday" time="100.21" classname="com.mapsynq.testclass.TestMapsynq"/>
</testsuite> <!-- Test -->
