<?xml version="1.0" encoding="UTF-8"?>
<!-- Generated by org.testng.reporters.JUnitXMLReporter -->
<testsuite hostname="Lokenaths-MacBook-Pro.local" name="Test" tests="33" failures="0" timestamp="30 Aug 2017 11:26:01 GMT" time="737.275" errors="0">
  <testcase name="LaunchURL" time="7.61" classname="com.mapsynq.testclass.TestMapsynq"/>
  <testcase name="clickDirectiontab" time="0.53" classname="com.mapsynq.testclass.TestMapsynq"/>
  <testcase name="testClearRoute" time="0.441" classname="com.mapsynq.testclass.TestMapsynq"/>
  <testcase name="testBlankSourceDesinationTraficAwareRoute" time="0.638" classname="com.mapsynq.testclass.TestMapsynq"/>
  <testcase name="testTraficAwareRoute" time="23.36" classname="com.mapsynq.testclass.TestMapsynq"/>
  <testcase name="testTollAwareRoute" time="21.21" classname="com.mapsynq.testclass.TestMapsynq"/>
  <testcase name="testFatestRoute" time="21.073" classname="com.mapsynq.testclass.TestMapsynq"/>
  <testcase name="testShortestRoute" time="20.973" classname="com.mapsynq.testclass.TestMapsynq"/>
  <testcase name="clickLiveTab" time="0.331" classname="com.mapsynq.testclass.TestMapsynq"/>
  <testcase name="checkSingaporeLiveTrafficNews" time="0.291" classname="com.mapsynq.testclass.TestMapsynq"/>
  <testcase name="clickCameraTab" time="0.289" classname="com.mapsynq.testclass.TestMapsynq"/>
  <testcase name="singaporeLiveTrafficCameras" time="0.328" classname="com.mapsynq.testclass.TestMapsynq"/>
  <testcase name="malaysiaLiveTrafficCameras" time="0.2" classname="com.mapsynq.testclass.TestMapsynq"/>
  <testcase name="srilankaLiveTrafficCameras" time="0.161" classname="com.mapsynq.testclass.TestMapsynq"/>
  <testcase name="testCountTotalLink" time="0.219" classname="com.mapsynq.testclass.TestMapsynq"/>
  <testcase name="testCountInvalidLink" time="25.218" classname="com.mapsynq.testclass.TestMapsynq"/>
  <testcase name="clickTollsLink" time="0.233" classname="com.mapsynq.testclass.TestMapsynq"/>
  <testcase name="checkSingaporeTolls" time="1.689" classname="com.mapsynq.testclass.TestMapsynq"/>
  <testcase name="checkMalaysiaTolls" time="1.26" classname="com.mapsynq.testclass.TestMapsynq"/>
  <testcase name="checkThialndTolls" time="2.393" classname="com.mapsynq.testclass.TestMapsynq"/>
  <testcase name="clickFirstSignaporeTollLink" time="0.48" classname="com.mapsynq.testclass.TestMapsynq"/>
  <testcase name="switchToPriceListDropdown" time="100.141" classname="com.mapsynq.testclass.TestMapsynq"/>
  <testcase name="getPriceAndRatesLargeVehicleWeekdays" time="1.15" classname="com.mapsynq.testclass.TestMapsynq"/>
  <testcase name="getPriceAndRatesCarSaturday" time="100.301" classname="com.mapsynq.testclass.TestMapsynq"/>
  <testcase name="getPriceAndRatesMotorCycleWeekdays" time="1.128" classname="com.mapsynq.testclass.TestMapsynq"/>
  <testcase name="getPriceAndRatesMotorCycleSaturday" time="100.286" classname="com.mapsynq.testclass.TestMapsynq"/>
  <testcase name="getPriceAndRatesCarWeekdays" time="1.055" classname="com.mapsynq.testclass.TestMapsynq"/>
  <testcase name="getPriceAndRatesLargeVehicleSaturday" time="100.289" classname="com.mapsynq.testclass.TestMapsynq"/>
  <testcase name="getPriceAndRatesHeavyVehicleWeekdays" time="1.713" classname="com.mapsynq.testclass.TestMapsynq"/>
  <testcase name="getPriceAndRatesHeavyVehicleSaturday" time="100.305" classname="com.mapsynq.testclass.TestMapsynq"/>
  <testcase name="getPriceAndRatesVeryHeavhVehicleWeekdays" time="1.342" classname="com.mapsynq.testclass.TestMapsynq"/>
  <testcase name="getPriceAndRatesVeryHeavhVehicleSaturday" time="100.315" classname="com.mapsynq.testclass.TestMapsynq"/>
  <testcase name="closeBrowser" time="0.299" classname="com.mapsynq.testclass.TestMapsynq"/>
</testsuite> <!-- Test -->
