<?xml version="1.0" encoding="UTF-8"?>
<testng-results skipped="0" failed="0" total="8" passed="8">
  <reporter-output>
  </reporter-output>
  <suite name="Suite" duration-ms="13874" started-at="2017-08-16T03:33:45Z" finished-at="2017-08-16T03:33:59Z">
    <groups>
    </groups>
    <test name="Test" duration-ms="13874" started-at="2017-08-16T03:33:45Z" finished-at="2017-08-16T03:33:59Z">
      <class name="com.mapsynq.testclass.TestMapsynq">
        <test-method status="PASS" signature="LaunchURL()[pri:0, instance:com.mapsynq.testclass.TestMapsynq@7a5d012c]" name="LaunchURL" duration-ms="7642" started-at="2017-08-16T09:03:45Z" finished-at="2017-08-16T09:03:52Z">
          <reporter-output>
          </reporter-output>
        </test-method> <!-- LaunchURL -->
        <test-method status="PASS" signature="clickDirectiontab()[pri:0, instance:com.mapsynq.testclass.TestMapsynq@7a5d012c]" name="clickDirectiontab" duration-ms="530" started-at="2017-08-16T09:03:52Z" finished-at="2017-08-16T09:03:53Z">
          <reporter-output>
          </reporter-output>
        </test-method> <!-- clickDirectiontab -->
        <test-method status="PASS" signature="testClearRoute()[pri:0, instance:com.mapsynq.testclass.TestMapsynq@7a5d012c]" name="testClearRoute" duration-ms="421" started-at="2017-08-16T09:03:53Z" finished-at="2017-08-16T09:03:53Z">
          <reporter-output>
          </reporter-output>
        </test-method> <!-- testClearRoute -->
        <test-method status="PASS" signature="testTraficAwareRoute()[pri:0, instance:com.mapsynq.testclass.TestMapsynq@7a5d012c]" name="testTraficAwareRoute" duration-ms="2202" started-at="2017-08-16T09:03:53Z" finished-at="2017-08-16T09:03:56Z">
          <reporter-output>
          </reporter-output>
        </test-method> <!-- testTraficAwareRoute -->
        <test-method status="PASS" signature="TestTollAwareRoute()[pri:0, instance:com.mapsynq.testclass.TestMapsynq@7a5d012c]" name="TestTollAwareRoute" duration-ms="1100" started-at="2017-08-16T09:03:56Z" finished-at="2017-08-16T09:03:57Z">
          <reporter-output>
          </reporter-output>
        </test-method> <!-- TestTollAwareRoute -->
        <test-method status="PASS" signature="TestFatestRoute()[pri:0, instance:com.mapsynq.testclass.TestMapsynq@7a5d012c]" name="TestFatestRoute" duration-ms="884" started-at="2017-08-16T09:03:57Z" finished-at="2017-08-16T09:03:58Z">
          <reporter-output>
          </reporter-output>
        </test-method> <!-- TestFatestRoute -->
        <test-method status="PASS" signature="TestShortestRoute()[pri:0, instance:com.mapsynq.testclass.TestMapsynq@7a5d012c]" name="TestShortestRoute" duration-ms="798" started-at="2017-08-16T09:03:58Z" finished-at="2017-08-16T09:03:58Z">
          <reporter-output>
          </reporter-output>
        </test-method> <!-- TestShortestRoute -->
        <test-method status="PASS" signature="closeBrowser()[pri:0, instance:com.mapsynq.testclass.TestMapsynq@7a5d012c]" name="closeBrowser" duration-ms="278" started-at="2017-08-16T09:03:58Z" finished-at="2017-08-16T09:03:59Z">
          <reporter-output>
          </reporter-output>
        </test-method> <!-- closeBrowser -->
      </class> <!-- com.mapsynq.testclass.TestMapsynq -->
    </test> <!-- Test -->
  </suite> <!-- Suite -->
</testng-results>
