<?xml version="1.0" encoding="UTF-8"?>
<testsuite name="TestSuite" time="737.246" tests="33" errors="0" skipped="0" failures="0">
  <properties>
[...]
</properties>
  <testcase name="LaunchURL" classname="com.mapsynq.testclass.TestMapsynq" time="7.61"/>
  <testcase name="clickDirectiontab" classname="com.mapsynq.testclass.TestMapsynq" time="0.534"/>
  <testcase name="testClearRoute" classname="com.mapsynq.testclass.TestMapsynq" time="0.435"/>
  <testcase name="testBlankSourceDesinationTraficAwareRoute" classname="com.mapsynq.testclass.TestMapsynq" time="0.637"/>
  <testcase name="testTraficAwareRoute" classname="com.mapsynq.testclass.TestMapsynq" time="23.36"/>
  <testcase name="testTollAwareRoute" classname="com.mapsynq.testclass.TestMapsynq" time="21.208"/>
  <testcase name="testFatestRoute" classname="com.mapsynq.testclass.TestMapsynq" time="21.072"/>
  <testcase name="testShortestRoute" classname="com.mapsynq.testclass.TestMapsynq" time="20.973"/>
  <testcase name="clickLiveTab" classname="com.mapsynq.testclass.TestMapsynq" time="0.331"/>
  <testcase name="checkSingaporeLiveTrafficNews" classname="com.mapsynq.testclass.TestMapsynq" time="0.292"/>
  <testcase name="clickCameraTab" classname="com.mapsynq.testclass.TestMapsynq" time="0.292"/>
  <testcase name="singaporeLiveTrafficCameras" classname="com.mapsynq.testclass.TestMapsynq" time="0.331"/>
  <testcase name="malaysiaLiveTrafficCameras" classname="com.mapsynq.testclass.TestMapsynq" time="0.201"/>
  <testcase name="srilankaLiveTrafficCameras" classname="com.mapsynq.testclass.TestMapsynq" time="0.154"/>
  <testcase name="testCountTotalLink" classname="com.mapsynq.testclass.TestMapsynq" time="0.22"/>
  <testcase name="testCountInvalidLink" classname="com.mapsynq.testclass.TestMapsynq" time="25.216"/>
  <testcase name="clickTollsLink" classname="com.mapsynq.testclass.TestMapsynq" time="0.234"/>
  <testcase name="checkSingaporeTolls" classname="com.mapsynq.testclass.TestMapsynq" time="1.69"/>
  <testcase name="checkMalaysiaTolls" classname="com.mapsynq.testclass.TestMapsynq" time="1.261"/>
  <testcase name="checkThialndTolls" classname="com.mapsynq.testclass.TestMapsynq" time="2.393"/>
  <testcase name="clickFirstSignaporeTollLink" classname="com.mapsynq.testclass.TestMapsynq" time="0.481"/>
  <testcase name="switchToPriceListDropdown" classname="com.mapsynq.testclass.TestMapsynq" time="100.14"/>
  <testcase name="getPriceAndRatesLargeVehicleWeekdays" classname="com.mapsynq.testclass.TestMapsynq" time="1.149"/>
  <testcase name="getPriceAndRatesCarSaturday" classname="com.mapsynq.testclass.TestMapsynq" time="100.301"/>
  <testcase name="getPriceAndRatesMotorCycleWeekdays" classname="com.mapsynq.testclass.TestMapsynq" time="1.128"/>
  <testcase name="getPriceAndRatesMotorCycleSaturday" classname="com.mapsynq.testclass.TestMapsynq" time="100.285"/>
  <testcase name="getPriceAndRatesCarWeekdays" classname="com.mapsynq.testclass.TestMapsynq" time="1.055"/>
  <testcase name="getPriceAndRatesLargeVehicleSaturday" classname="com.mapsynq.testclass.TestMapsynq" time="100.289"/>
  <testcase name="getPriceAndRatesHeavyVehicleWeekdays" classname="com.mapsynq.testclass.TestMapsynq" time="1.714"/>
  <testcase name="getPriceAndRatesHeavyVehicleSaturday" classname="com.mapsynq.testclass.TestMapsynq" time="100.304"/>
  <testcase name="getPriceAndRatesVeryHeavhVehicleWeekdays" classname="com.mapsynq.testclass.TestMapsynq" time="1.342"/>
  <testcase name="getPriceAndRatesVeryHeavhVehicleSaturday" classname="com.mapsynq.testclass.TestMapsynq" time="100.315"/>
  <testcase name="closeBrowser" classname="com.mapsynq.testclass.TestMapsynq" time="0.299"/>
</testsuite>