<?xml version="1.0" encoding="UTF-8"?>
<testsuite name="TestSuite" time="675.114" tests="32" errors="0" skipped="0" failures="0">
  <properties>
[...]
</properties>
  <testcase name="LaunchURL" classname="com.mapsynq.testclass.TestMapsynq" time="7.021"/>
  <testcase name="clickDirectiontab" classname="com.mapsynq.testclass.TestMapsynq" time="0.344"/>
  <testcase name="testClearRoute" classname="com.mapsynq.testclass.TestMapsynq" time="0.296"/>
  <testcase name="testBlankSourceDesinationTraficAwareRoute" classname="com.mapsynq.testclass.TestMapsynq" time="5.725"/>
  <testcase name="testTraficAwareRoute" classname="com.mapsynq.testclass.TestMapsynq" time="22.321"/>
  <testcase name="TestTollAwareRoute" classname="com.mapsynq.testclass.TestMapsynq" time="3.635"/>
  <testcase name="TestFatestRoute" classname="com.mapsynq.testclass.TestMapsynq" time="0.699"/>
  <testcase name="TestShortestRoute" classname="com.mapsynq.testclass.TestMapsynq" time="0.201"/>
  <testcase name="ClickLiveTab" classname="com.mapsynq.testclass.TestMapsynq" time="0.159"/>
  <testcase name="CheckSingaporeLiveTrafficNews" classname="com.mapsynq.testclass.TestMapsynq" time="0.351"/>
  <testcase name="ClickCameraTab" classname="com.mapsynq.testclass.TestMapsynq" time="0.211"/>
  <testcase name="SingaporeLiveTrafficCameras" classname="com.mapsynq.testclass.TestMapsynq" time="0.176"/>
  <testcase name="MalaysiaLiveTrafficCameras" classname="com.mapsynq.testclass.TestMapsynq" time="0.131"/>
  <testcase name="SrilankaLiveTrafficCameras" classname="com.mapsynq.testclass.TestMapsynq" time="0.13"/>
  <testcase name="TestCountTotalLink" classname="com.mapsynq.testclass.TestMapsynq" time="0.185"/>
  <testcase name="TestCountInvalidLink" classname="com.mapsynq.testclass.TestMapsynq" time="18.381"/>
  <testcase name="ClickTollsLink" classname="com.mapsynq.testclass.TestMapsynq" time="0.14"/>
  <testcase name="CheckSingaporeTolls" classname="com.mapsynq.testclass.TestMapsynq" time="0.838"/>
  <testcase name="CheckMalaysiaTolls" classname="com.mapsynq.testclass.TestMapsynq" time="0.647"/>
  <testcase name="CheckThialndTolls" classname="com.mapsynq.testclass.TestMapsynq" time="1.141"/>
  <testcase name="ClickFirstSignaporeTollLink" classname="com.mapsynq.testclass.TestMapsynq" time="0.934"/>
  <testcase name="SwitchToPriceListDropdown" classname="com.mapsynq.testclass.TestMapsynq" time="100.17"/>
  <testcase name="GetPriceAndRatesLargeVehicleWeekdays" classname="com.mapsynq.testclass.TestMapsynq" time="2.241"/>
  <testcase name="GetPriceAndRatesCarSaturday" classname="com.mapsynq.testclass.TestMapsynq" time="100.154"/>
  <testcase name="GetPriceAndRatesMotorCycleWeekdays" classname="com.mapsynq.testclass.TestMapsynq" time="1.945"/>
  <testcase name="GetPriceAndRatesMotorCycleSaturday" classname="com.mapsynq.testclass.TestMapsynq" time="100.14"/>
  <testcase name="GetPriceAndRatesCarWeekdays" classname="com.mapsynq.testclass.TestMapsynq" time="1.823"/>
  <testcase name="GetPriceAndRatesLargeVehicleSaturday" classname="com.mapsynq.testclass.TestMapsynq" time="100.267"/>
  <testcase name="GetPriceAndRatesHeavyVehicleWeekdays" classname="com.mapsynq.testclass.TestMapsynq" time="2.031"/>
  <testcase name="GetPriceAndRatesHeavyVehicleSaturday" classname="com.mapsynq.testclass.TestMapsynq" time="100.201"/>
  <testcase name="GetPriceAndRatesVeryHeavhVehicleWeekdays" classname="com.mapsynq.testclass.TestMapsynq" time="2.267"/>
  <testcase name="GetPriceAndRatesVeryHeavhVehicleSaturday" classname="com.mapsynq.testclass.TestMapsynq" time="100.209"/>
</testsuite>